<?xml version="1.0" encoding="UTF-8"?>
<testsuite name="EventPlanningTest" tests="1" skipped="0" failures="0" errors="0" timestamp="2016-09-09T21:16:33" hostname="epicodus-24.local" time="0.001">
  <properties/>
  <testcase name="runEventPlanning_displaySoloParty_String" classname="EventPlanningTest" time="0.001"/>
  <system-out><![CDATA[]]></system-out>
  <system-err><![CDATA[]]></system-err>
</testsuite>
